<?xml version="1.0" encoding="UTF-8"?>
<!-- Generated by org.testng.reporters.JUnitXMLReporter -->
<testsuite ignored="0" hostname="Masum" failures="1" tests="1" name="Test" time="11.017" errors="0" timestamp="2024-01-08T23:23:56 IST">
  <testcase classname="com.DemoAutomationBank.testing.ChromeLaunch" name="myTestMethod" time="10.97">
    <failure type="org.openqa.selenium.WebDriverException" message="unknown error: cannot find Chrome binary
Build info: version: &amp;apos;3.141.59&amp;apos;, revision: &amp;apos;e82be7d358&amp;apos;, time: &amp;apos;2018-11-14T08:17:03&amp;apos;
System info: host: &amp;apos;MASUM&amp;apos;, ip: &amp;apos;192.168.0.101&amp;apos;, os.name: &amp;apos;Windows 11&amp;apos;, os.arch: &amp;apos;amd64&amp;apos;, os.version: &amp;apos;10.0&amp;apos;, java.version: &amp;apos;11.0.18&amp;apos;
Driver info: driver.version: ChromeDriver
remote stacktrace: Backtrace:
	GetHandleVerifier [0x00FDA813+48355]
	(No symbol) [0x00F6C4B1]
	(No symbol) [0x00E75358]
	(No symbol) [0x00E91A9E]
	(No symbol) [0x00E90579]
	(No symbol) [0x00EC0C55]
	(No symbol) [0x00EC093C]
	(No symbol) [0x00EBA536]
	(No symbol) [0x00E982DC]
	(No symbol) [0x00E993DD]
	GetHandleVerifier [0x0123AABD+2539405]
	GetHandleVerifier [0x0127A78F+2800735]
	GetHandleVerifier [0x0127456C+2775612]
	GetHandleVerifier [0x010651E0+616112]
	(No symbol) [0x00F75F8C]
	(No symbol) [0x00F72328]
	(No symbol) [0x00F7240B]
	(No symbol) [0x00F64FF7]
	BaseThreadInitThunk [0x76F27BA9+25]
	RtlInitializeExceptionChain [0x77EABD2B+107]
	RtlClearBits [0x77EABCAF+191]
">
      <![CDATA[org.openqa.selenium.WebDriverException: unknown error: cannot find Chrome binary
Build info: version: '3.141.59', revision: 'e82be7d358', time: '2018-11-14T08:17:03'
System info: host: 'MASUM', ip: '192.168.0.101', os.name: 'Windows 11', os.arch: 'amd64', os.version: '10.0', java.version: '11.0.18'
Driver info: driver.version: ChromeDriver
remote stacktrace: Backtrace:
GetHandleVerifier [0x00FDA813+48355]
(No symbol) [0x00F6C4B1]
(No symbol) [0x00E75358]
(No symbol) [0x00E91A9E]
(No symbol) [0x00E90579]
(No symbol) [0x00EC0C55]
(No symbol) [0x00EC093C]
(No symbol) [0x00EBA536]
(No symbol) [0x00E982DC]
(No symbol) [0x00E993DD]
GetHandleVerifier [0x0123AABD+2539405]
GetHandleVerifier [0x0127A78F+2800735]
GetHandleVerifier [0x0127456C+2775612]
GetHandleVerifier [0x010651E0+616112]
(No symbol) [0x00F75F8C]
(No symbol) [0x00F72328]
(No symbol) [0x00F7240B]
(No symbol) [0x00F64FF7]
BaseThreadInitThunk [0x76F27BA9+25]
RtlInitializeExceptionChain [0x77EABD2B+107]
RtlClearBits [0x77EABCAF+191]

at org.openqa.selenium.remote.W3CHandshakeResponse.lambda$errorHandler$0(W3CHandshakeResponse.java:62)
at org.openqa.selenium.remote.HandshakeResponse.lambda$getResponseFunction$0(HandshakeResponse.java:30)
at org.openqa.selenium.remote.ProtocolHandshake.lambda$createSession$0(ProtocolHandshake.java:126)
at java.base/java.util.stream.ReferencePipeline$3$1.accept(ReferencePipeline.java:195)
at java.base/java.util.Spliterators$ArraySpliterator.tryAdvance(Spliterators.java:958)
at java.base/java.util.stream.ReferencePipeline.forEachWithCancel(ReferencePipeline.java:127)
at java.base/java.util.stream.AbstractPipeline.copyIntoWithCancel(AbstractPipeline.java:502)
at java.base/java.util.stream.AbstractPipeline.copyInto(AbstractPipeline.java:488)
at java.base/java.util.stream.AbstractPipeline.wrapAndCopyInto(AbstractPipeline.java:474)
at java.base/java.util.stream.FindOps$FindOp.evaluateSequential(FindOps.java:150)
at java.base/java.util.stream.AbstractPipeline.evaluate(AbstractPipeline.java:234)
at java.base/java.util.stream.ReferencePipeline.findFirst(ReferencePipeline.java:543)
at org.openqa.selenium.remote.ProtocolHandshake.createSession(ProtocolHandshake.java:128)
at org.openqa.selenium.remote.ProtocolHandshake.createSession(ProtocolHandshake.java:74)
at org.openqa.selenium.remote.HttpCommandExecutor.execute(HttpCommandExecutor.java:136)
at org.openqa.selenium.remote.service.DriverCommandExecutor.execute(DriverCommandExecutor.java:83)
at org.openqa.selenium.remote.RemoteWebDriver.execute(RemoteWebDriver.java:552)
at org.openqa.selenium.remote.RemoteWebDriver.startSession(RemoteWebDriver.java:213)
at org.openqa.selenium.remote.RemoteWebDriver.<init>(RemoteWebDriver.java:131)
at org.openqa.selenium.chrome.ChromeDriver.<init>(ChromeDriver.java:181)
at org.openqa.selenium.chrome.ChromeDriver.<init>(ChromeDriver.java:168)
at org.openqa.selenium.chrome.ChromeDriver.<init>(ChromeDriver.java:123)
at com.DemoAutomationBank.testing.ChromeLaunch.myTestMethod(ChromeLaunch.java:17)
at java.base/java.util.ArrayList.forEach(ArrayList.java:1541)
... Removed 35 stack frames]]>
    </failure>
  </testcase> <!-- myTestMethod -->
</testsuite> <!-- Test -->
